<?xml version="1.0" encoding="UTF-8"?>
<!-- Generated by org.testng.reporters.JUnitXMLReporter -->
<testsuite hostname="FVFZM5TLLYWG" ignored="0" name="Default test" tests="5" failures="0" timestamp="2020-12-21T00:16:27 CET" time="10.267" errors="0">
  <testcase name="registerclick" time="0.577" classname="com.demotours.register.Register"/>
  <testcase name="verifyregisterpage" time="0.014" classname="com.demotours.register.Register"/>
  <testcase name="enterregister" time="4.254" classname="com.demotours.register.Register"/>
  <testcase name="verifyusername" time="0.04" classname="com.demotours.register.Register"/>
  <testcase name="signoff" time="0.696" classname="com.demotours.register.Register"/>
</testsuite> <!-- Default test -->
