<?xml version="1.0" encoding="UTF-8"?>
<!-- Generated by org.testng.reporters.JUnitXMLReporter -->
<testsuite hostname="FVFZM5TLLYWG" ignored="0" name="Test" tests="3" failures="0" timestamp="2020-12-23T06:05:30 CET" time="11.779" errors="0">
  <testcase name="launchurl" time="6.228" classname="FirstTestng.PriorityTest"/>
  <testcase name="sperformearchtext" time="1.119" classname="FirstTestng.PriorityTest"/>
  <testcase name="facebookverifyresult" time="0.038" classname="FirstTestng.PriorityTest"/>
</testsuite> <!-- Test -->
