<?xml version="1.0" encoding="UTF-8"?>
<!-- Generated by org.testng.reporters.JUnitXMLReporter -->
<testsuite hostname="FVFZM5TLLYWG" ignored="4" name="Test(failed)" tests="2" failures="1" timestamp="2020-11-26T13:00:39 CET" time="0.09" errors="0">
  <testcase name="tc05_fundtransfer" time="0.013" classname="FirstTestng.GroupTestCase"/>
  <testcase name="tc06_logout" time="0.006" classname="FirstTestng.GroupTestCase">
    <failure type="java.lang.NullPointerException">
      <![CDATA[java.lang.NullPointerException
at FirstTestng.GroupTestCase.tc06_logout(GroupTestCase.java:79)
at java.util.ArrayList.forEach(ArrayList.java:1257)
... Removed 27 stack frames]]>
    </failure>
  </testcase> <!-- tc06_logout -->
  <testcase name="tc03_Entercredentials" time="0.0" classname="FirstTestng.GroupTestCase">
    <ignored/>
  </testcase> <!-- tc03_Entercredentials -->
  <testcase name="tc01_LaunchUrl" time="0.0" classname="FirstTestng.GroupTestCase">
    <ignored/>
  </testcase> <!-- tc01_LaunchUrl -->
  <testcase name="tc04_verifymanagercrendentia" time="0.0" classname="FirstTestng.GroupTestCase">
    <ignored/>
  </testcase> <!-- tc04_verifymanagercrendentia -->
  <testcase name="tc02_verifyLaunchPage" time="0.0" classname="FirstTestng.GroupTestCase">
    <ignored/>
  </testcase> <!-- tc02_verifyLaunchPage -->
</testsuite> <!-- Test(failed) -->
