<?xml version="1.0" encoding="UTF-8"?>
<!-- Generated by org.testng.reporters.JUnitXMLReporter -->
<testsuite hostname="FVFZM5TLLYWG" ignored="0" name="SighIn" tests="4" failures="0" timestamp="2020-12-20T23:40:30 CET" time="12.872" errors="0">
  <testcase name="ClickSignIn" time="2.567" classname="com.demotours.signin.SinIn"/>
  <testcase name="Entercredentials" time="2.64" classname="com.demotours.signin.SinIn"/>
  <testcase name="verifyloginpage" time="0.024" classname="com.demotours.signin.SinIn"/>
  <testcase name="logout" time="1.923" classname="com.demotours.signin.SinIn"/>
</testsuite> <!-- SighIn -->
